c:\users\saradip\desktop\lab5_olar\directx-graphics-samples\samples\desktop\d3d12meshshaders\src\meshletinstancing\obj\x64\debug\d3d12meshletinstancing.pch
c:\users\saradip\desktop\lab5_olar\directx-graphics-samples\samples\desktop\d3d12meshshaders\src\meshletinstancing\obj\x64\debug\vc143.pdb
c:\users\saradip\desktop\lab5_olar\directx-graphics-samples\samples\desktop\d3d12meshshaders\src\meshletinstancing\obj\x64\debug\vc143.idb
c:\users\saradip\desktop\lab5_olar\directx-graphics-samples\samples\desktop\d3d12meshshaders\src\meshletinstancing\obj\x64\debug\stdafx.obj
c:\users\saradip\desktop\lab5_olar\directx-graphics-samples\samples\desktop\d3d12meshshaders\src\meshletinstancing\obj\x64\debug\win32application.obj
c:\users\saradip\desktop\lab5_olar\directx-graphics-samples\samples\desktop\d3d12meshshaders\src\meshletinstancing\obj\x64\debug\simplecamera.obj
c:\users\saradip\desktop\lab5_olar\directx-graphics-samples\samples\desktop\d3d12meshshaders\src\meshletinstancing\obj\x64\debug\model.obj
c:\users\saradip\desktop\lab5_olar\directx-graphics-samples\samples\desktop\d3d12meshshaders\src\meshletinstancing\obj\x64\debug\main.obj
c:\users\saradip\desktop\lab5_olar\directx-graphics-samples\samples\desktop\d3d12meshshaders\src\meshletinstancing\obj\x64\debug\dxsample.obj
c:\users\saradip\desktop\lab5_olar\directx-graphics-samples\samples\desktop\d3d12meshshaders\src\meshletinstancing\obj\x64\debug\d3d12meshletinstancing.obj
c:\users\saradip\desktop\lab5_olar\directx-graphics-samples\samples\desktop\d3d12meshshaders\src\meshletinstancing\bin\x64\debug\meshletms.cso
c:\users\saradip\desktop\lab5_olar\directx-graphics-samples\samples\desktop\d3d12meshshaders\src\meshletinstancing\bin\x64\debug\meshletps.cso
c:\users\saradip\desktop\lab5_olar\directx-graphics-samples\samples\desktop\d3d12meshshaders\src\meshletinstancing\bin\x64\debug\d3d12meshletinstancing.exe
c:\users\saradip\desktop\lab5_olar\directx-graphics-samples\samples\desktop\d3d12meshshaders\src\meshletinstancing\bin\x64\debug\d3d12meshletinstancing.pdb
c:\users\saradip\desktop\lab5_olar\directx-graphics-samples\samples\desktop\d3d12meshshaders\src\meshletinstancing\bin\x64\debug\d3d12meshletinstancing.lib
c:\users\saradip\desktop\lab5_olar\directx-graphics-samples\samples\desktop\d3d12meshshaders\src\meshletinstancing\bin\x64\debug\d3d12meshletinstancing.exp
c:\users\saradip\desktop\lab5_olar\directx-graphics-samples\samples\desktop\d3d12meshshaders\src\meshletinstancing\obj\x64\debug\d3d12meshletinstancing.ilk
c:\users\saradip\desktop\lab5_olar\directx-graphics-samples\samples\desktop\d3d12meshshaders\src\meshletinstancing\obj\x64\debug\d3d12mes.7794c60a.tlog\cl.command.1.tlog
c:\users\saradip\desktop\lab5_olar\directx-graphics-samples\samples\desktop\d3d12meshshaders\src\meshletinstancing\obj\x64\debug\d3d12mes.7794c60a.tlog\cl.items.tlog
c:\users\saradip\desktop\lab5_olar\directx-graphics-samples\samples\desktop\d3d12meshshaders\src\meshletinstancing\obj\x64\debug\d3d12mes.7794c60a.tlog\cl.read.1.tlog
c:\users\saradip\desktop\lab5_olar\directx-graphics-samples\samples\desktop\d3d12meshshaders\src\meshletinstancing\obj\x64\debug\d3d12mes.7794c60a.tlog\cl.write.1.tlog
c:\users\saradip\desktop\lab5_olar\directx-graphics-samples\samples\desktop\d3d12meshshaders\src\meshletinstancing\obj\x64\debug\d3d12mes.7794c60a.tlog\custombuild.command.1.tlog
c:\users\saradip\desktop\lab5_olar\directx-graphics-samples\samples\desktop\d3d12meshshaders\src\meshletinstancing\obj\x64\debug\d3d12mes.7794c60a.tlog\custombuild.read.1.tlog
c:\users\saradip\desktop\lab5_olar\directx-graphics-samples\samples\desktop\d3d12meshshaders\src\meshletinstancing\obj\x64\debug\d3d12mes.7794c60a.tlog\custombuild.write.1.tlog
c:\users\saradip\desktop\lab5_olar\directx-graphics-samples\samples\desktop\d3d12meshshaders\src\meshletinstancing\obj\x64\debug\d3d12mes.7794c60a.tlog\link.command.1.tlog
c:\users\saradip\desktop\lab5_olar\directx-graphics-samples\samples\desktop\d3d12meshshaders\src\meshletinstancing\obj\x64\debug\d3d12mes.7794c60a.tlog\link.read.1.tlog
c:\users\saradip\desktop\lab5_olar\directx-graphics-samples\samples\desktop\d3d12meshshaders\src\meshletinstancing\obj\x64\debug\d3d12mes.7794c60a.tlog\link.secondary.1.tlog
c:\users\saradip\desktop\lab5_olar\directx-graphics-samples\samples\desktop\d3d12meshshaders\src\meshletinstancing\obj\x64\debug\d3d12mes.7794c60a.tlog\link.write.1.tlog
