c:\users\saradip\desktop\lab5_olar\directx-graphics-samples\samples\desktop\d3d12meshshaders\src\meshletcull\obj\x64\debug\d3d12meshletcull.pch
c:\users\saradip\desktop\lab5_olar\directx-graphics-samples\samples\desktop\d3d12meshshaders\src\meshletcull\obj\x64\debug\vc143.pdb
c:\users\saradip\desktop\lab5_olar\directx-graphics-samples\samples\desktop\d3d12meshshaders\src\meshletcull\obj\x64\debug\vc143.idb
c:\users\saradip\desktop\lab5_olar\directx-graphics-samples\samples\desktop\d3d12meshshaders\src\meshletcull\obj\x64\debug\stdafx.obj
c:\users\saradip\desktop\lab5_olar\directx-graphics-samples\samples\desktop\d3d12meshshaders\src\meshletcull\obj\x64\debug\win32application.obj
c:\users\saradip\desktop\lab5_olar\directx-graphics-samples\samples\desktop\d3d12meshshaders\src\meshletcull\obj\x64\debug\simplecamera.obj
c:\users\saradip\desktop\lab5_olar\directx-graphics-samples\samples\desktop\d3d12meshshaders\src\meshletcull\obj\x64\debug\model.obj
c:\users\saradip\desktop\lab5_olar\directx-graphics-samples\samples\desktop\d3d12meshshaders\src\meshletcull\obj\x64\debug\main.obj
c:\users\saradip\desktop\lab5_olar\directx-graphics-samples\samples\desktop\d3d12meshshaders\src\meshletcull\obj\x64\debug\frustumvisualizer.obj
c:\users\saradip\desktop\lab5_olar\directx-graphics-samples\samples\desktop\d3d12meshshaders\src\meshletcull\obj\x64\debug\dxsample.obj
c:\users\saradip\desktop\lab5_olar\directx-graphics-samples\samples\desktop\d3d12meshshaders\src\meshletcull\obj\x64\debug\d3d12meshletcull.obj
c:\users\saradip\desktop\lab5_olar\directx-graphics-samples\samples\desktop\d3d12meshshaders\src\meshletcull\obj\x64\debug\culldatavisualizer.obj
c:\users\saradip\desktop\lab5_olar\directx-graphics-samples\samples\desktop\d3d12meshshaders\src\meshletcull\bin\x64\debug\boundingspherems.cso
c:\users\saradip\desktop\lab5_olar\directx-graphics-samples\samples\desktop\d3d12meshshaders\src\meshletcull\bin\x64\debug\debugdrawps.cso
c:\users\saradip\desktop\lab5_olar\directx-graphics-samples\samples\desktop\d3d12meshshaders\src\meshletcull\bin\x64\debug\frustumms.cso
c:\users\saradip\desktop\lab5_olar\directx-graphics-samples\samples\desktop\d3d12meshshaders\src\meshletcull\bin\x64\debug\meshletas.cso
c:\users\saradip\desktop\lab5_olar\directx-graphics-samples\samples\desktop\d3d12meshshaders\src\meshletcull\bin\x64\debug\meshletms.cso
c:\users\saradip\desktop\lab5_olar\directx-graphics-samples\samples\desktop\d3d12meshshaders\src\meshletcull\bin\x64\debug\meshletps.cso
c:\users\saradip\desktop\lab5_olar\directx-graphics-samples\samples\desktop\d3d12meshshaders\src\meshletcull\bin\x64\debug\normalconems.cso
c:\users\saradip\desktop\lab5_olar\directx-graphics-samples\samples\desktop\d3d12meshshaders\src\meshletcull\bin\x64\debug\d3d12meshletcull.exe
c:\users\saradip\desktop\lab5_olar\directx-graphics-samples\samples\desktop\d3d12meshshaders\src\meshletcull\bin\x64\debug\d3d12meshletcull.pdb
c:\users\saradip\desktop\lab5_olar\directx-graphics-samples\samples\desktop\d3d12meshshaders\src\meshletcull\bin\x64\debug\d3d12meshletcull.lib
c:\users\saradip\desktop\lab5_olar\directx-graphics-samples\samples\desktop\d3d12meshshaders\src\meshletcull\bin\x64\debug\d3d12meshletcull.exp
c:\users\saradip\desktop\lab5_olar\directx-graphics-samples\samples\desktop\d3d12meshshaders\src\meshletcull\obj\x64\debug\d3d12meshletcull.ilk
c:\users\saradip\desktop\lab5_olar\directx-graphics-samples\samples\desktop\d3d12meshshaders\src\meshletcull\obj\x64\debug\d3d12meshletcull.tlog\cl.command.1.tlog
c:\users\saradip\desktop\lab5_olar\directx-graphics-samples\samples\desktop\d3d12meshshaders\src\meshletcull\obj\x64\debug\d3d12meshletcull.tlog\cl.items.tlog
c:\users\saradip\desktop\lab5_olar\directx-graphics-samples\samples\desktop\d3d12meshshaders\src\meshletcull\obj\x64\debug\d3d12meshletcull.tlog\cl.read.1.tlog
c:\users\saradip\desktop\lab5_olar\directx-graphics-samples\samples\desktop\d3d12meshshaders\src\meshletcull\obj\x64\debug\d3d12meshletcull.tlog\cl.write.1.tlog
c:\users\saradip\desktop\lab5_olar\directx-graphics-samples\samples\desktop\d3d12meshshaders\src\meshletcull\obj\x64\debug\d3d12meshletcull.tlog\custombuild.command.1.tlog
c:\users\saradip\desktop\lab5_olar\directx-graphics-samples\samples\desktop\d3d12meshshaders\src\meshletcull\obj\x64\debug\d3d12meshletcull.tlog\custombuild.read.1.tlog
c:\users\saradip\desktop\lab5_olar\directx-graphics-samples\samples\desktop\d3d12meshshaders\src\meshletcull\obj\x64\debug\d3d12meshletcull.tlog\custombuild.write.1.tlog
c:\users\saradip\desktop\lab5_olar\directx-graphics-samples\samples\desktop\d3d12meshshaders\src\meshletcull\obj\x64\debug\d3d12meshletcull.tlog\link.command.1.tlog
c:\users\saradip\desktop\lab5_olar\directx-graphics-samples\samples\desktop\d3d12meshshaders\src\meshletcull\obj\x64\debug\d3d12meshletcull.tlog\link.read.1.tlog
c:\users\saradip\desktop\lab5_olar\directx-graphics-samples\samples\desktop\d3d12meshshaders\src\meshletcull\obj\x64\debug\d3d12meshletcull.tlog\link.secondary.1.tlog
c:\users\saradip\desktop\lab5_olar\directx-graphics-samples\samples\desktop\d3d12meshshaders\src\meshletcull\obj\x64\debug\d3d12meshletcull.tlog\link.write.1.tlog
