c:\users\saradip\desktop\lab5_olar\directx-graphics-samples\samples\desktop\d3d12meshshaders\src\wavefrontconverter\obj\x64\debug\d3d12wavefrontconverter.pch
c:\users\saradip\desktop\lab5_olar\directx-graphics-samples\samples\desktop\d3d12meshshaders\src\wavefrontconverter\obj\x64\debug\vc143.pdb
c:\users\saradip\desktop\lab5_olar\directx-graphics-samples\samples\desktop\d3d12meshshaders\src\wavefrontconverter\obj\x64\debug\vc143.idb
c:\users\saradip\desktop\lab5_olar\directx-graphics-samples\samples\desktop\d3d12meshshaders\src\wavefrontconverter\obj\x64\debug\stdafx.obj
c:\users\saradip\desktop\lab5_olar\directx-graphics-samples\samples\desktop\d3d12meshshaders\src\wavefrontconverter\obj\x64\debug\import.obj
c:\users\saradip\desktop\lab5_olar\directx-graphics-samples\samples\desktop\d3d12meshshaders\src\wavefrontconverter\obj\x64\debug\meshprocessor.obj
c:\users\saradip\desktop\lab5_olar\directx-graphics-samples\samples\desktop\d3d12meshshaders\src\wavefrontconverter\obj\x64\debug\main.obj
c:\users\saradip\desktop\lab5_olar\directx-graphics-samples\samples\desktop\d3d12meshshaders\src\wavefrontconverter\obj\x64\debug\export.obj
c:\users\saradip\desktop\lab5_olar\directx-graphics-samples\samples\desktop\d3d12meshshaders\src\wavefrontconverter\bin\x64\debug\d3d12wavefrontconverter.exe
c:\users\saradip\desktop\lab5_olar\directx-graphics-samples\samples\desktop\d3d12meshshaders\src\wavefrontconverter\bin\x64\debug\d3d12wavefrontconverter.pdb
c:\users\saradip\desktop\lab5_olar\directx-graphics-samples\samples\desktop\d3d12meshshaders\src\wavefrontconverter\bin\x64\debug\d3d12wavefrontconverter.lib
c:\users\saradip\desktop\lab5_olar\directx-graphics-samples\samples\desktop\d3d12meshshaders\src\wavefrontconverter\bin\x64\debug\d3d12wavefrontconverter.exp
c:\users\saradip\desktop\lab5_olar\directx-graphics-samples\samples\desktop\d3d12meshshaders\src\wavefrontconverter\obj\x64\debug\d3d12wavefrontconverter.ilk
c:\users\saradip\desktop\lab5_olar\directx-graphics-samples\samples\desktop\d3d12meshshaders\src\wavefrontconverter\obj\x64\debug\d3d12wav.d4dbd8b1.tlog\cl.command.1.tlog
c:\users\saradip\desktop\lab5_olar\directx-graphics-samples\samples\desktop\d3d12meshshaders\src\wavefrontconverter\obj\x64\debug\d3d12wav.d4dbd8b1.tlog\cl.items.tlog
c:\users\saradip\desktop\lab5_olar\directx-graphics-samples\samples\desktop\d3d12meshshaders\src\wavefrontconverter\obj\x64\debug\d3d12wav.d4dbd8b1.tlog\cl.read.1.tlog
c:\users\saradip\desktop\lab5_olar\directx-graphics-samples\samples\desktop\d3d12meshshaders\src\wavefrontconverter\obj\x64\debug\d3d12wav.d4dbd8b1.tlog\cl.write.1.tlog
c:\users\saradip\desktop\lab5_olar\directx-graphics-samples\samples\desktop\d3d12meshshaders\src\wavefrontconverter\obj\x64\debug\d3d12wav.d4dbd8b1.tlog\link.command.1.tlog
c:\users\saradip\desktop\lab5_olar\directx-graphics-samples\samples\desktop\d3d12meshshaders\src\wavefrontconverter\obj\x64\debug\d3d12wav.d4dbd8b1.tlog\link.read.1.tlog
c:\users\saradip\desktop\lab5_olar\directx-graphics-samples\samples\desktop\d3d12meshshaders\src\wavefrontconverter\obj\x64\debug\d3d12wav.d4dbd8b1.tlog\link.secondary.1.tlog
c:\users\saradip\desktop\lab5_olar\directx-graphics-samples\samples\desktop\d3d12meshshaders\src\wavefrontconverter\obj\x64\debug\d3d12wav.d4dbd8b1.tlog\link.write.1.tlog
