c:\users\saradip\desktop\lab5_olar\directx-graphics-samples\samples\desktop\d3d12meshshaders\src\meshletrender\obj\x64\debug\d3d12meshletrender.pch
c:\users\saradip\desktop\lab5_olar\directx-graphics-samples\samples\desktop\d3d12meshshaders\src\meshletrender\obj\x64\debug\vc143.pdb
c:\users\saradip\desktop\lab5_olar\directx-graphics-samples\samples\desktop\d3d12meshshaders\src\meshletrender\obj\x64\debug\vc143.idb
c:\users\saradip\desktop\lab5_olar\directx-graphics-samples\samples\desktop\d3d12meshshaders\src\meshletrender\obj\x64\debug\stdafx.obj
c:\users\saradip\desktop\lab5_olar\directx-graphics-samples\samples\desktop\d3d12meshshaders\src\meshletrender\obj\x64\debug\win32application.obj
c:\users\saradip\desktop\lab5_olar\directx-graphics-samples\samples\desktop\d3d12meshshaders\src\meshletrender\obj\x64\debug\simplecamera.obj
c:\users\saradip\desktop\lab5_olar\directx-graphics-samples\samples\desktop\d3d12meshshaders\src\meshletrender\obj\x64\debug\model.obj
c:\users\saradip\desktop\lab5_olar\directx-graphics-samples\samples\desktop\d3d12meshshaders\src\meshletrender\obj\x64\debug\main.obj
c:\users\saradip\desktop\lab5_olar\directx-graphics-samples\samples\desktop\d3d12meshshaders\src\meshletrender\obj\x64\debug\dxsample.obj
c:\users\saradip\desktop\lab5_olar\directx-graphics-samples\samples\desktop\d3d12meshshaders\src\meshletrender\obj\x64\debug\d3d12meshletrender.obj
c:\users\saradip\desktop\lab5_olar\directx-graphics-samples\samples\desktop\d3d12meshshaders\src\meshletrender\bin\x64\debug\meshletms.cso
c:\users\saradip\desktop\lab5_olar\directx-graphics-samples\samples\desktop\d3d12meshshaders\src\meshletrender\bin\x64\debug\meshletps.cso
c:\users\saradip\desktop\lab5_olar\directx-graphics-samples\samples\desktop\d3d12meshshaders\src\meshletrender\bin\x64\debug\d3d12meshletrender.exe
c:\users\saradip\desktop\lab5_olar\directx-graphics-samples\samples\desktop\d3d12meshshaders\src\meshletrender\bin\x64\debug\d3d12meshletrender.pdb
c:\users\saradip\desktop\lab5_olar\directx-graphics-samples\samples\desktop\d3d12meshshaders\src\meshletrender\bin\x64\debug\d3d12meshletrender.lib
c:\users\saradip\desktop\lab5_olar\directx-graphics-samples\samples\desktop\d3d12meshshaders\src\meshletrender\bin\x64\debug\d3d12meshletrender.exp
c:\users\saradip\desktop\lab5_olar\directx-graphics-samples\samples\desktop\d3d12meshshaders\src\meshletrender\obj\x64\debug\d3d12meshletrender.ilk
c:\users\saradip\desktop\lab5_olar\directx-graphics-samples\samples\desktop\d3d12meshshaders\src\meshletrender\obj\x64\debug\d3d12mes.decd10d0.tlog\cl.command.1.tlog
c:\users\saradip\desktop\lab5_olar\directx-graphics-samples\samples\desktop\d3d12meshshaders\src\meshletrender\obj\x64\debug\d3d12mes.decd10d0.tlog\cl.items.tlog
c:\users\saradip\desktop\lab5_olar\directx-graphics-samples\samples\desktop\d3d12meshshaders\src\meshletrender\obj\x64\debug\d3d12mes.decd10d0.tlog\cl.read.1.tlog
c:\users\saradip\desktop\lab5_olar\directx-graphics-samples\samples\desktop\d3d12meshshaders\src\meshletrender\obj\x64\debug\d3d12mes.decd10d0.tlog\cl.write.1.tlog
c:\users\saradip\desktop\lab5_olar\directx-graphics-samples\samples\desktop\d3d12meshshaders\src\meshletrender\obj\x64\debug\d3d12mes.decd10d0.tlog\custombuild.command.1.tlog
c:\users\saradip\desktop\lab5_olar\directx-graphics-samples\samples\desktop\d3d12meshshaders\src\meshletrender\obj\x64\debug\d3d12mes.decd10d0.tlog\custombuild.read.1.tlog
c:\users\saradip\desktop\lab5_olar\directx-graphics-samples\samples\desktop\d3d12meshshaders\src\meshletrender\obj\x64\debug\d3d12mes.decd10d0.tlog\custombuild.write.1.tlog
c:\users\saradip\desktop\lab5_olar\directx-graphics-samples\samples\desktop\d3d12meshshaders\src\meshletrender\obj\x64\debug\d3d12mes.decd10d0.tlog\link.command.1.tlog
c:\users\saradip\desktop\lab5_olar\directx-graphics-samples\samples\desktop\d3d12meshshaders\src\meshletrender\obj\x64\debug\d3d12mes.decd10d0.tlog\link.read.1.tlog
c:\users\saradip\desktop\lab5_olar\directx-graphics-samples\samples\desktop\d3d12meshshaders\src\meshletrender\obj\x64\debug\d3d12mes.decd10d0.tlog\link.secondary.1.tlog
c:\users\saradip\desktop\lab5_olar\directx-graphics-samples\samples\desktop\d3d12meshshaders\src\meshletrender\obj\x64\debug\d3d12mes.decd10d0.tlog\link.write.1.tlog
