c:\users\saradip\desktop\lab5_olar\directx-graphics-samples\samples\desktop\d3d12meshshaders\src\dynamiclod\obj\x64\debug\d3d12dynamiclod.pch
c:\users\saradip\desktop\lab5_olar\directx-graphics-samples\samples\desktop\d3d12meshshaders\src\dynamiclod\obj\x64\debug\vc143.pdb
c:\users\saradip\desktop\lab5_olar\directx-graphics-samples\samples\desktop\d3d12meshshaders\src\dynamiclod\obj\x64\debug\vc143.idb
c:\users\saradip\desktop\lab5_olar\directx-graphics-samples\samples\desktop\d3d12meshshaders\src\dynamiclod\obj\x64\debug\stdafx.obj
c:\users\saradip\desktop\lab5_olar\directx-graphics-samples\samples\desktop\d3d12meshshaders\src\dynamiclod\obj\x64\debug\win32application.obj
c:\users\saradip\desktop\lab5_olar\directx-graphics-samples\samples\desktop\d3d12meshshaders\src\dynamiclod\obj\x64\debug\simplecamera.obj
c:\users\saradip\desktop\lab5_olar\directx-graphics-samples\samples\desktop\d3d12meshshaders\src\dynamiclod\obj\x64\debug\model.obj
c:\users\saradip\desktop\lab5_olar\directx-graphics-samples\samples\desktop\d3d12meshshaders\src\dynamiclod\obj\x64\debug\main.obj
c:\users\saradip\desktop\lab5_olar\directx-graphics-samples\samples\desktop\d3d12meshshaders\src\dynamiclod\obj\x64\debug\dxsample.obj
c:\users\saradip\desktop\lab5_olar\directx-graphics-samples\samples\desktop\d3d12meshshaders\src\dynamiclod\obj\x64\debug\d3d12dynamiclod.obj
c:\users\saradip\desktop\lab5_olar\directx-graphics-samples\samples\desktop\d3d12meshshaders\src\dynamiclod\bin\x64\debug\meshletas.cso
c:\users\saradip\desktop\lab5_olar\directx-graphics-samples\samples\desktop\d3d12meshshaders\src\dynamiclod\bin\x64\debug\meshletms.cso
c:\users\saradip\desktop\lab5_olar\directx-graphics-samples\samples\desktop\d3d12meshshaders\src\dynamiclod\bin\x64\debug\meshletps.cso
c:\users\saradip\desktop\lab5_olar\directx-graphics-samples\samples\desktop\d3d12meshshaders\src\dynamiclod\bin\x64\debug\d3d12dynamiclod.exe
c:\users\saradip\desktop\lab5_olar\directx-graphics-samples\samples\desktop\d3d12meshshaders\src\dynamiclod\bin\x64\debug\d3d12dynamiclod.pdb
c:\users\saradip\desktop\lab5_olar\directx-graphics-samples\samples\desktop\d3d12meshshaders\src\dynamiclod\bin\x64\debug\d3d12dynamiclod.lib
c:\users\saradip\desktop\lab5_olar\directx-graphics-samples\samples\desktop\d3d12meshshaders\src\dynamiclod\bin\x64\debug\d3d12dynamiclod.exp
c:\users\saradip\desktop\lab5_olar\directx-graphics-samples\samples\desktop\d3d12meshshaders\src\dynamiclod\obj\x64\debug\d3d12dynamiclod.ilk
c:\users\saradip\desktop\lab5_olar\directx-graphics-samples\samples\desktop\d3d12meshshaders\src\dynamiclod\obj\x64\debug\d3d12dynamiclod.tlog\cl.command.1.tlog
c:\users\saradip\desktop\lab5_olar\directx-graphics-samples\samples\desktop\d3d12meshshaders\src\dynamiclod\obj\x64\debug\d3d12dynamiclod.tlog\cl.items.tlog
c:\users\saradip\desktop\lab5_olar\directx-graphics-samples\samples\desktop\d3d12meshshaders\src\dynamiclod\obj\x64\debug\d3d12dynamiclod.tlog\cl.read.1.tlog
c:\users\saradip\desktop\lab5_olar\directx-graphics-samples\samples\desktop\d3d12meshshaders\src\dynamiclod\obj\x64\debug\d3d12dynamiclod.tlog\cl.write.1.tlog
c:\users\saradip\desktop\lab5_olar\directx-graphics-samples\samples\desktop\d3d12meshshaders\src\dynamiclod\obj\x64\debug\d3d12dynamiclod.tlog\custombuild.command.1.tlog
c:\users\saradip\desktop\lab5_olar\directx-graphics-samples\samples\desktop\d3d12meshshaders\src\dynamiclod\obj\x64\debug\d3d12dynamiclod.tlog\custombuild.read.1.tlog
c:\users\saradip\desktop\lab5_olar\directx-graphics-samples\samples\desktop\d3d12meshshaders\src\dynamiclod\obj\x64\debug\d3d12dynamiclod.tlog\custombuild.write.1.tlog
c:\users\saradip\desktop\lab5_olar\directx-graphics-samples\samples\desktop\d3d12meshshaders\src\dynamiclod\obj\x64\debug\d3d12dynamiclod.tlog\link.command.1.tlog
c:\users\saradip\desktop\lab5_olar\directx-graphics-samples\samples\desktop\d3d12meshshaders\src\dynamiclod\obj\x64\debug\d3d12dynamiclod.tlog\link.read.1.tlog
c:\users\saradip\desktop\lab5_olar\directx-graphics-samples\samples\desktop\d3d12meshshaders\src\dynamiclod\obj\x64\debug\d3d12dynamiclod.tlog\link.secondary.1.tlog
c:\users\saradip\desktop\lab5_olar\directx-graphics-samples\samples\desktop\d3d12meshshaders\src\dynamiclod\obj\x64\debug\d3d12dynamiclod.tlog\link.write.1.tlog
